[2020-10-12 16:30:04,171] {taskinstance.py:669} INFO - Dependencies all met for <TaskInstance: bigquery_data_load.create_table 2020-10-12T10:59:39.227646+00:00 [queued]>
[2020-10-12 16:30:04,184] {taskinstance.py:669} INFO - Dependencies all met for <TaskInstance: bigquery_data_load.create_table 2020-10-12T10:59:39.227646+00:00 [queued]>
[2020-10-12 16:30:04,184] {taskinstance.py:879} INFO - 
--------------------------------------------------------------------------------
[2020-10-12 16:30:04,184] {taskinstance.py:880} INFO - Starting attempt 1 of 1
[2020-10-12 16:30:04,184] {taskinstance.py:881} INFO - 
--------------------------------------------------------------------------------
[2020-10-12 16:30:04,338] {taskinstance.py:900} INFO - Executing <Task(BigQueryOperator): create_table> on 2020-10-12T10:59:39.227646+00:00
[2020-10-12 16:30:04,341] {standard_task_runner.py:53} INFO - Started process 188004 to run task
[2020-10-12 16:30:04,549] {logging_mixin.py:112} INFO - Running %s on host %s <TaskInstance: bigquery_data_load.create_table 2020-10-12T10:59:39.227646+00:00 [running]> ludicxx
[2020-10-12 16:30:04,559] {bigquery_operator.py:252} INFO - Executing: 
    SELECT * except (rank)
    FROM (
        SELECT *,
            ROW_NUMBER() OVER (
                PARTITION BY vehicle_id ORDER BY DATETIME(date, TIME(hour, minute, 0)) DESC
            ) as rank
        FROM `vg-airflow-tutorial-demo.vechicle_analytics.history`) as latest
    WHERE rank = 1;
    
[2020-10-12 16:30:06,983] {logging_mixin.py:112} INFO - [2020-10-12 16:30:06,982] {bigquery_hook.py:1347} INFO - Waiting for job to complete : vg-airflow-tutorial-demo, job_kqdCsRIRwEhpq8uIkUAm-e0GUKD-
[2020-10-12 16:30:12,782] {taskinstance.py:1065} INFO - Marking task as SUCCESS.dag_id=bigquery_data_load, task_id=create_table, execution_date=20201012T105939, start_date=20201012T110004, end_date=20201012T110012
[2020-10-12 16:30:14,015] {logging_mixin.py:112} INFO - [2020-10-12 16:30:14,013] {local_task_job.py:103} INFO - Task exited with return code 0
