[2020-10-12 16:18:55,745] {taskinstance.py:669} INFO - Dependencies all met for <TaskInstance: bigquery_data_load.load_data 2020-10-12T10:48:49.835441+00:00 [queued]>
[2020-10-12 16:18:55,761] {taskinstance.py:669} INFO - Dependencies all met for <TaskInstance: bigquery_data_load.load_data 2020-10-12T10:48:49.835441+00:00 [queued]>
[2020-10-12 16:18:55,762] {taskinstance.py:879} INFO - 
--------------------------------------------------------------------------------
[2020-10-12 16:18:55,762] {taskinstance.py:880} INFO - Starting attempt 1 of 1
[2020-10-12 16:18:55,762] {taskinstance.py:881} INFO - 
--------------------------------------------------------------------------------
[2020-10-12 16:18:55,894] {taskinstance.py:900} INFO - Executing <Task(GoogleCloudStorageToBigQueryOperator): load_data> on 2020-10-12T10:48:49.835441+00:00
[2020-10-12 16:18:55,897] {standard_task_runner.py:53} INFO - Started process 186665 to run task
[2020-10-12 16:18:56,206] {logging_mixin.py:112} INFO - Running %s on host %s <TaskInstance: bigquery_data_load.load_data 2020-10-12T10:48:49.835441+00:00 [running]> ludicxx
[2020-10-12 16:18:58,087] {taskinstance.py:1145} ERROR - <HttpError 404 when requesting https://bigquery.googleapis.com/bigquery/v2/projects/vg-airflow-tutorial-dev/jobs?alt=json returned "Not found: Project vg-airflow-tutorial-dev">
Traceback (most recent call last):
  File "/home/ludicxx/anaconda3/envs/airflow-tutorial/lib/python3.7/site-packages/airflow/models/taskinstance.py", line 983, in _run_raw_task
    result = task_copy.execute(context=context)
  File "/home/ludicxx/anaconda3/envs/airflow-tutorial/lib/python3.7/site-packages/airflow/contrib/operators/gcs_to_bq.py", line 288, in execute
    encryption_configuration=self.encryption_configuration)
  File "/home/ludicxx/anaconda3/envs/airflow-tutorial/lib/python3.7/site-packages/airflow/contrib/hooks/bigquery_hook.py", line 1297, in run_load
    return self.run_with_configuration(configuration)
  File "/home/ludicxx/anaconda3/envs/airflow-tutorial/lib/python3.7/site-packages/airflow/contrib/hooks/bigquery_hook.py", line 1318, in run_with_configuration
    .execute(num_retries=self.num_retries)
  File "/home/ludicxx/anaconda3/envs/airflow-tutorial/lib/python3.7/site-packages/googleapiclient/_helpers.py", line 134, in positional_wrapper
    return wrapped(*args, **kwargs)
  File "/home/ludicxx/anaconda3/envs/airflow-tutorial/lib/python3.7/site-packages/googleapiclient/http.py", line 907, in execute
    raise HttpError(resp, content, uri=self.uri)
googleapiclient.errors.HttpError: <HttpError 404 when requesting https://bigquery.googleapis.com/bigquery/v2/projects/vg-airflow-tutorial-dev/jobs?alt=json returned "Not found: Project vg-airflow-tutorial-dev">
[2020-10-12 16:18:58,096] {taskinstance.py:1202} INFO - Marking task as FAILED.dag_id=bigquery_data_load, task_id=load_data, execution_date=20201012T104849, start_date=20201012T104855, end_date=20201012T104858
[2020-10-12 16:19:05,602] {logging_mixin.py:112} INFO - [2020-10-12 16:19:05,601] {local_task_job.py:103} INFO - Task exited with return code 1
