[2020-10-12 16:30:51,127] {taskinstance.py:669} INFO - Dependencies all met for <TaskInstance: bigquery_data_load.create_table 2020-10-12T10:00:00+00:00 [queued]>
[2020-10-12 16:30:51,149] {taskinstance.py:669} INFO - Dependencies all met for <TaskInstance: bigquery_data_load.create_table 2020-10-12T10:00:00+00:00 [queued]>
[2020-10-12 16:30:51,149] {taskinstance.py:879} INFO - 
--------------------------------------------------------------------------------
[2020-10-12 16:30:51,149] {taskinstance.py:880} INFO - Starting attempt 1 of 1
[2020-10-12 16:30:51,150] {taskinstance.py:881} INFO - 
--------------------------------------------------------------------------------
[2020-10-12 16:30:51,255] {taskinstance.py:900} INFO - Executing <Task(BigQueryOperator): create_table> on 2020-10-12T10:00:00+00:00
[2020-10-12 16:30:51,269] {standard_task_runner.py:53} INFO - Started process 188084 to run task
[2020-10-12 16:30:51,478] {logging_mixin.py:112} INFO - Running %s on host %s <TaskInstance: bigquery_data_load.create_table 2020-10-12T10:00:00+00:00 [running]> ludicxx
[2020-10-12 16:30:51,521] {bigquery_operator.py:252} INFO - Executing: 
    SELECT * except (rank)
    FROM (
        SELECT *,
            ROW_NUMBER() OVER (
                PARTITION BY vehicle_id ORDER BY DATETIME(date, TIME(hour, minute, 0)) DESC
            ) as rank
        FROM `vg-airflow-tutorial-demo.vechicle_analytics.history`) as latest
    WHERE rank = 1;
    
[2020-10-12 16:30:53,792] {logging_mixin.py:112} INFO - [2020-10-12 16:30:53,791] {bigquery_hook.py:1347} INFO - Waiting for job to complete : vg-airflow-tutorial-demo, job_uoWED9905-Be6lFp8YEY4mMmHk5k
[2020-10-12 16:30:59,139] {taskinstance.py:1065} INFO - Marking task as SUCCESS.dag_id=bigquery_data_load, task_id=create_table, execution_date=20201012T100000, start_date=20201012T110051, end_date=20201012T110059
[2020-10-12 16:31:02,158] {logging_mixin.py:112} INFO - [2020-10-12 16:31:02,157] {local_task_job.py:103} INFO - Task exited with return code 0
